#-----------------------------------------------------------
# Vivado v2019.2 (64-bit)
# SW Build 2708876 on Wed Nov  6 21:40:23 MST 2019
# IP Build 2700528 on Thu Nov  7 00:09:20 MST 2019
# Start of session at: Fri Dec  2 18:13:46 2022
# Process ID: 7944
# Current directory: D:/vivadoproject/alu
# Command line: vivado.exe -gui_launcher_event rodinguilauncherevent9848 D:\vivadoproject\alu\alu.xpr
# Log file: D:/vivadoproject/alu/vivado.log
# Journal file: D:/vivadoproject/alu\vivado.jou
#-----------------------------------------------------------
start_gui
open_project D:/vivadoproject/alu/alu.xpr
CRITICAL WARNING: [Project 1-19] Could not find the file 'D:/sourcecode/source_code/lcd_module.dcp'.
WARNING: [Project 1-865] Could not find the file D:/sourcecode/source_code/lcd_module.dcp
Scanning sources...
Finished scanning sources
WARNING: [Project 1-865] Could not find the file D:/sourcecode/source_code/lcd_module.dcp
WARNING: [Project 1-865] Could not find the file D:/sourcecode/source_code/lcd_module.dcp
INFO: [IP_Flow 19-234] Refreshing IP repositories
INFO: [IP_Flow 19-1704] No user IP repositories specified
INFO: [IP_Flow 19-2313] Loaded Vivado IP repository 'D:/vivado/Vivado/2019.2/data/ip'.
update_compile_order -fileset sources_1
add_files -norecurse D:/vivadoproject/sourcecode/source_code/lcd_module.dcp
WARNING: [filemgmt 56-12] File 'D:/vivadoproject/sourcecode/source_code/lcd_module.dcp' cannot be added to the project because it already exists in the project, skipping this file
add_files -norecurse D:/vivadoproject/sourcecode/source_code/lcd_module.dcp
WARNING: [filemgmt 56-12] File 'D:/vivadoproject/sourcecode/source_code/lcd_module.dcp' cannot be added to the project because it already exists in the project, skipping this file
exit
INFO: [Common 17-206] Exiting Vivado at Fri Dec  2 18:14:55 2022...
